mode: atomic
github.com/etherlabsio/healthcheck/v2/checkers/diskspace.go:20.55,21.43 1 4
github.com/etherlabsio/healthcheck/v2/checkers/diskspace.go:25.2,27.16 3 4
github.com/etherlabsio/healthcheck/v2/checkers/diskspace.go:31.2,35.35 5 4
github.com/etherlabsio/healthcheck/v2/checkers/diskspace.go:38.2,38.12 1 2
github.com/etherlabsio/healthcheck/v2/checkers/diskspace.go:21.43,23.3 1 0
github.com/etherlabsio/healthcheck/v2/checkers/diskspace.go:27.16,29.3 1 0
github.com/etherlabsio/healthcheck/v2/checkers/diskspace.go:35.35,37.3 1 2
github.com/etherlabsio/healthcheck/v2/checkers/diskspace.go:42.66,48.2 1 0
github.com/etherlabsio/healthcheck/v2/checkers/heartbeat.go:17.54,18.43 1 3
github.com/etherlabsio/healthcheck/v2/checkers/heartbeat.go:21.2,21.12 1 2
github.com/etherlabsio/healthcheck/v2/checkers/heartbeat.go:18.43,20.3 1 1
github.com/etherlabsio/healthcheck/v2/checkers/heartbeat.go:26.53,28.2 1 0
github.com/etherlabsio/healthcheck/v2/checkers/heartbeat.go:30.40,31.36 1 2
github.com/etherlabsio/healthcheck/v2/checkers/heartbeat.go:35.2,35.28 1 2
github.com/etherlabsio/healthcheck/v2/checkers/heartbeat.go:38.2,38.48 1 0
github.com/etherlabsio/healthcheck/v2/checkers/heartbeat.go:41.2,41.11 1 0
github.com/etherlabsio/healthcheck/v2/checkers/heartbeat.go:31.36,34.3 2 1
github.com/etherlabsio/healthcheck/v2/checkers/heartbeat.go:35.28,37.3 1 2
github.com/etherlabsio/healthcheck/v2/checkers/heartbeat.go:38.48,40.3 1 0
github.com/etherlabsio/healthcheck/v2/health.go:34.55,36.2 1 6
github.com/etherlabsio/healthcheck/v2/health.go:39.43,45.27 2 5
github.com/etherlabsio/healthcheck/v2/health.go:48.2,48.10 1 5
github.com/etherlabsio/healthcheck/v2/health.go:45.27,47.3 1 7
github.com/etherlabsio/healthcheck/v2/health.go:52.51,54.2 1 5
github.com/etherlabsio/healthcheck/v2/health.go:60.49,61.25 1 4
github.com/etherlabsio/healthcheck/v2/health.go:61.25,63.3 1 4
github.com/etherlabsio/healthcheck/v2/health.go:67.50,68.25 1 2
github.com/etherlabsio/healthcheck/v2/health.go:68.25,70.3 1 2
github.com/etherlabsio/healthcheck/v2/health.go:74.48,75.25 1 1
github.com/etherlabsio/healthcheck/v2/health.go:75.25,77.3 1 1
github.com/etherlabsio/healthcheck/v2/health.go:80.68,86.46 4 5
github.com/etherlabsio/healthcheck/v2/health.go:87.2,87.19 1 5
github.com/etherlabsio/healthcheck/v2/health.go:90.2,96.39 5 5
github.com/etherlabsio/healthcheck/v2/health.go:107.2,107.41 1 5
github.com/etherlabsio/healthcheck/v2/health.go:118.2,125.4 4 5
github.com/etherlabsio/healthcheck/v2/health.go:86.47,86.48 0 0
github.com/etherlabsio/healthcheck/v2/health.go:87.19,89.3 1 5
github.com/etherlabsio/healthcheck/v2/health.go:96.39,97.40 1 4
github.com/etherlabsio/healthcheck/v2/health.go:97.40,98.45 1 4
github.com/etherlabsio/healthcheck/v2/health.go:104.4,104.13 1 4
github.com/etherlabsio/healthcheck/v2/health.go:98.45,103.5 4 4
github.com/etherlabsio/healthcheck/v2/health.go:107.41,108.41 1 2
github.com/etherlabsio/healthcheck/v2/health.go:108.41,109.46 1 2
github.com/etherlabsio/healthcheck/v2/health.go:114.4,114.13 1 2
github.com/etherlabsio/healthcheck/v2/health.go:109.46,113.5 3 2
github.com/etherlabsio/healthcheck/v2/health.go:132.59,134.12 2 6
github.com/etherlabsio/healthcheck/v2/health.go:137.2,137.9 1 6
github.com/etherlabsio/healthcheck/v2/health.go:134.12,136.3 1 6
github.com/etherlabsio/healthcheck/v2/health.go:138.28,139.13 1 5
github.com/etherlabsio/healthcheck/v2/health.go:140.20,141.47 1 1
